<?xml version="1.0" encoding="UTF-8"?>
<!-- Generated by org.testng.reporters.JUnitReportReporter -->
<testsuite skipped="0" hostname="DESKTOP-K2UCR1U" name="CalTest.CalTest1" tests="5" failures="0" timestamp="2022-06-27T10:30:30 IST" time="71.787" errors="0">
  <testcase name="CalculatorTest5" time="9.971" classname="CalTest.CalTest1"/>
  <system-out/>
  <testcase name="CalculatorTest2" time="15.692" classname="CalTest.CalTest1"/>
  <system-out/>
  <testcase name="CalculatorTest4" time="10.322" classname="CalTest.CalTest1"/>
  <system-out/>
  <testcase name="CalculatorTest1" time="25.409" classname="CalTest.CalTest1"/>
  <system-out/>
  <testcase name="CalculatorTest3" time="10.393" classname="CalTest.CalTest1"/>
  <system-out/>
</testsuite> <!-- CalTest.CalTest1 -->
