<?xml version="1.0" encoding="UTF-8"?>
<!-- Generated by org.testng.reporters.JUnitReportReporter -->
<testsuite hostname="DESKTOP-K2UCR1U" name="CalTest.CalTest1" tests="5" failures="0" timestamp="24 Jun 2022 07:09:52 GMT" time="63.861" errors="0">
  <testcase name="CalculatorTest2" time="13.312" classname="CalTest.CalTest1"/>
  <testcase name="CalculatorTest3" time="8.790" classname="CalTest.CalTest1"/>
  <testcase name="CalculatorTest5" time="10.713" classname="CalTest.CalTest1"/>
  <testcase name="CalculatorTest1" time="20.280" classname="CalTest.CalTest1"/>
  <testcase name="CalculatorTest4" time="10.766" classname="CalTest.CalTest1"/>
</testsuite> <!-- CalTest.CalTest1 -->
